-------------------------------------------------------------------------------
Test set: TestSuite
-------------------------------------------------------------------------------
Tests run: 1, Failures: 1, Errors: 0, Skipped: 0, Time elapsed: 15.246 s <<< FAILURE! - in TestSuite
runScenario(com.gaana.test.base.Test_Runner)  Time elapsed: 14.592 s  <<< FAILURE!
java.lang.AssertionError: expected [rahul] but found [nikhil]

