<?xml version="1.0" encoding="UTF-8"?>
<testsuite xmlns:xsi="http://www.w3.org/2001/XMLSchema-instance" xsi:noNamespaceSchemaLocation="https://maven.apache.org/surefire/maven-surefire-plugin/xsd/surefire-test-report.xsd" name="TestSuite" time="15.246" tests="1" errors="0" skipped="0" failures="1">
  <properties>
[...]
</properties>
  <testcase name="runScenario" classname="com.gaana.test.base.Test_Runner" time="14.592">
    <failure message="expected [rahul] but found [nikhil]" type="java.lang.AssertionError">java.lang.AssertionError: expected [rahul] but found [nikhil]
</failure>
    <system-out><![CDATA[----------------------------------------------------
Scenario: Verify user is able to create playlist[Started]
----------------------------------------------------
portal.gaana
[INFO]: URL: https://portal.gaana.com
https://portal.gaana.com/podcast
[INFO]: https://portal.gaana.com/podcast
Download Latest MP3 Songs Online: Play Old & New MP3 Music Online Free on Gaana.com
------------------------------------------------------------------------------------
Scenario: Verify user is able to create playlist [FAILED]
------------------------------------------------------------------------------------
inside screenshot
Saving screen shot.... ::  D:\GaanaCucumberFramework\target\Scenario_Verifyuserisabletocreateplaylist\Scenario_Verifyuserisabletocreateplaylist1614574504538_screenshot.png
D:\GaanaCucumberFramework\target\Scenario_Verifyuserisabletocreateplaylist\Scenario_Verifyuserisabletocreateplaylist1614574504538_screenshot.png
]]></system-out>
    <system-err><![CDATA[Mar 01, 2021 10:24:51 AM org.openqa.selenium.remote.DesiredCapabilities chrome
INFO: Using `new ChromeOptions()` is preferred to `DesiredCapabilities.chrome()`
ChromeDriver was started successfully.
Mar 01, 2021 10:24:53 AM org.openqa.selenium.remote.ProtocolHandshake createSession
INFO: Detected dialect: W3C
]]></system-err>
  </testcase>
</testsuite>